<?xml version="1.0" encoding="UTF-8"?>
<testng-results ignored="0" total="5" passed="5" failed="0" skipped="0">
  <reporter-output>
  </reporter-output>
  <suite started-at="2024-08-16T18:42:03 IST" name="Default suite" finished-at="2024-08-16T18:42:08 IST" duration-ms="5454">
    <groups>
    </groups>
    <test started-at="2024-08-16T18:42:03 IST" name="Default test" finished-at="2024-08-16T18:42:08 IST" duration-ms="5454">
      <class name="altdrxnodejs.Email_OTP">
        <test-method is-config="true" signature="setup()[pri:0, instance:altdrxnodejs.Email_OTP@7b9a4292]" started-at="2024-08-16T18:42:03 IST" name="setup" finished-at="2024-08-16T18:42:04 IST" duration-ms="1006" status="PASS">
          <reporter-output>
          </reporter-output>
        </test-method> <!-- setup -->
        <test-method signature="emailOTP()[pri:0, instance:altdrxnodejs.Email_OTP@7b9a4292]" started-at="2024-08-16T18:42:04 IST" name="emailOTP" finished-at="2024-08-16T18:42:07 IST" duration-ms="3737" status="PASS">
          <reporter-output>
          </reporter-output>
        </test-method> <!-- emailOTP -->
        <test-method signature="testemptydebug()[pri:0, instance:altdrxnodejs.Email_OTP@7b9a4292]" started-at="2024-08-16T18:42:07 IST" name="testemptydebug" finished-at="2024-08-16T18:42:07 IST" duration-ms="149" status="PASS">
          <reporter-output>
          </reporter-output>
        </test-method> <!-- testemptydebug -->
        <test-method signature="testemptyemail()[pri:0, instance:altdrxnodejs.Email_OTP@7b9a4292]" started-at="2024-08-16T18:42:07 IST" name="testemptyemail" finished-at="2024-08-16T18:42:08 IST" duration-ms="190" status="PASS">
          <reporter-output>
          </reporter-output>
        </test-method> <!-- testemptyemail -->
        <test-method signature="testemptytype()[pri:0, instance:altdrxnodejs.Email_OTP@7b9a4292]" started-at="2024-08-16T18:42:08 IST" name="testemptytype" finished-at="2024-08-16T18:42:08 IST" duration-ms="154" status="PASS">
          <reporter-output>
          </reporter-output>
        </test-method> <!-- testemptytype -->
        <test-method signature="testinvalidemail()[pri:0, instance:altdrxnodejs.Email_OTP@7b9a4292]" started-at="2024-08-16T18:42:08 IST" name="testinvalidemail" finished-at="2024-08-16T18:42:08 IST" duration-ms="149" status="PASS">
          <reporter-output>
          </reporter-output>
        </test-method> <!-- testinvalidemail -->
      </class> <!-- altdrxnodejs.Email_OTP -->
    </test> <!-- Default test -->
  </suite> <!-- Default suite -->
</testng-results>
