<?xml version="1.0" encoding="UTF-8"?>
<!-- Generated by org.testng.reporters.JUnitXMLReporter -->
<testsuite ignored="0" hostname="DESKTOP-37FB485" failures="0" tests="5" name="Default test" time="5.454" errors="0" timestamp="2024-08-16T18:42:08 IST">
  <testcase classname="altdrxnodejs.Email_OTP" name="emailOTP" time="3.737"/>
  <testcase classname="altdrxnodejs.Email_OTP" name="testemptydebug" time="0.149"/>
  <testcase classname="altdrxnodejs.Email_OTP" name="testemptyemail" time="0.19"/>
  <testcase classname="altdrxnodejs.Email_OTP" name="testemptytype" time="0.154"/>
  <testcase classname="altdrxnodejs.Email_OTP" name="testinvalidemail" time="0.149"/>
</testsuite> <!-- Default test -->
